  Menu.cpp
  main.cpp
C:\Users\Justin\Documents\CPTS 122\PA09 - FINAL - Breakout\Program\Breakout - PA9\Breakout - PA9\main.cpp(23,48): warning C4244:  'argument': conversion from 'T' to 'float', possible loss of data
C:\Users\Justin\Documents\CPTS 122\PA09 - FINAL - Breakout\Program\Breakout - PA9\Breakout - PA9\main.cpp(23,48): warning C4244:         with
C:\Users\Justin\Documents\CPTS 122\PA09 - FINAL - Breakout\Program\Breakout - PA9\Breakout - PA9\main.cpp(23,48): warning C4244:         [
C:\Users\Justin\Documents\CPTS 122\PA09 - FINAL - Breakout\Program\Breakout - PA9\Breakout - PA9\main.cpp(23,48): warning C4244:             T=unsigned int
C:\Users\Justin\Documents\CPTS 122\PA09 - FINAL - Breakout\Program\Breakout - PA9\Breakout - PA9\main.cpp(23,48): warning C4244:         ]
C:\Users\Justin\Documents\CPTS 122\PA09 - FINAL - Breakout\Program\Breakout - PA9\Breakout - PA9\main.cpp(23,28): warning C4244:  'argument': conversion from 'T' to 'float', possible loss of data
C:\Users\Justin\Documents\CPTS 122\PA09 - FINAL - Breakout\Program\Breakout - PA9\Breakout - PA9\main.cpp(23,28): warning C4244:         with
C:\Users\Justin\Documents\CPTS 122\PA09 - FINAL - Breakout\Program\Breakout - PA9\Breakout - PA9\main.cpp(23,28): warning C4244:         [
C:\Users\Justin\Documents\CPTS 122\PA09 - FINAL - Breakout\Program\Breakout - PA9\Breakout - PA9\main.cpp(23,28): warning C4244:             T=unsigned int
C:\Users\Justin\Documents\CPTS 122\PA09 - FINAL - Breakout\Program\Breakout - PA9\Breakout - PA9\main.cpp(23,28): warning C4244:         ]
C:\Users\Justin\Documents\CPTS 122\PA09 - FINAL - Breakout\Program\Breakout - PA9\Breakout - PA9\main.cpp(173,18): warning C4244:  'argument': conversion from 'double' to 'float', possible loss of data
C:\Users\Justin\Documents\CPTS 122\PA09 - FINAL - Breakout\Program\Breakout - PA9\Breakout - PA9\main.cpp(173,14): warning C4244:  'argument': conversion from 'double' to 'float', possible loss of data
C:\Users\Justin\Documents\CPTS 122\PA09 - FINAL - Breakout\Program\Breakout - PA9\Breakout - PA9\main.cpp(187,18): warning C4244:  'argument': conversion from 'double' to 'float', possible loss of data
C:\Users\Justin\Documents\CPTS 122\PA09 - FINAL - Breakout\Program\Breakout - PA9\Breakout - PA9\main.cpp(192,18): warning C4244:  'argument': conversion from 'double' to 'float', possible loss of data
C:\Program Files (x86)\Microsoft Visual Studio\2019\Community\VC\Tools\MSVC\14.22.27905\include\xmemory(761,103): warning C4244:  'argument': conversion from '_Ty' to 'float', possible loss of data
C:\Program Files (x86)\Microsoft Visual Studio\2019\Community\VC\Tools\MSVC\14.22.27905\include\xmemory(761,103): warning C4244:         with
C:\Program Files (x86)\Microsoft Visual Studio\2019\Community\VC\Tools\MSVC\14.22.27905\include\xmemory(761,103): warning C4244:         [
C:\Program Files (x86)\Microsoft Visual Studio\2019\Community\VC\Tools\MSVC\14.22.27905\include\xmemory(761,103): warning C4244:             _Ty=int
C:\Program Files (x86)\Microsoft Visual Studio\2019\Community\VC\Tools\MSVC\14.22.27905\include\xmemory(761,103): warning C4244:         ]
C:\Program Files (x86)\Microsoft Visual Studio\2019\Community\VC\Tools\MSVC\14.22.27905\include\vector(635): message :  see reference to function template instantiation 'void std::_Default_allocator_traits<_Alloc>::construct<_Ty,int,int>(_Alloc &,_Objty *const ,int &&,int &&)' being compiled
C:\Program Files (x86)\Microsoft Visual Studio\2019\Community\VC\Tools\MSVC\14.22.27905\include\vector(635): message :         with
C:\Program Files (x86)\Microsoft Visual Studio\2019\Community\VC\Tools\MSVC\14.22.27905\include\vector(635): message :         [
C:\Program Files (x86)\Microsoft Visual Studio\2019\Community\VC\Tools\MSVC\14.22.27905\include\vector(635): message :             _Alloc=std::allocator<Brick>,
C:\Program Files (x86)\Microsoft Visual Studio\2019\Community\VC\Tools\MSVC\14.22.27905\include\vector(635): message :             _Ty=Brick,
C:\Program Files (x86)\Microsoft Visual Studio\2019\Community\VC\Tools\MSVC\14.22.27905\include\vector(635): message :             _Objty=Brick
C:\Program Files (x86)\Microsoft Visual Studio\2019\Community\VC\Tools\MSVC\14.22.27905\include\vector(635): message :         ]
C:\Program Files (x86)\Microsoft Visual Studio\2019\Community\VC\Tools\MSVC\14.22.27905\include\vector(640): message :  see reference to function template instantiation 'void std::_Default_allocator_traits<_Alloc>::construct<_Ty,int,int>(_Alloc &,_Objty *const ,int &&,int &&)' being compiled
C:\Program Files (x86)\Microsoft Visual Studio\2019\Community\VC\Tools\MSVC\14.22.27905\include\vector(640): message :         with
C:\Program Files (x86)\Microsoft Visual Studio\2019\Community\VC\Tools\MSVC\14.22.27905\include\vector(640): message :         [
C:\Program Files (x86)\Microsoft Visual Studio\2019\Community\VC\Tools\MSVC\14.22.27905\include\vector(640): message :             _Alloc=std::allocator<Brick>,
C:\Program Files (x86)\Microsoft Visual Studio\2019\Community\VC\Tools\MSVC\14.22.27905\include\vector(640): message :             _Ty=Brick,
C:\Program Files (x86)\Microsoft Visual Studio\2019\Community\VC\Tools\MSVC\14.22.27905\include\vector(640): message :             _Objty=Brick
C:\Program Files (x86)\Microsoft Visual Studio\2019\Community\VC\Tools\MSVC\14.22.27905\include\vector(640): message :         ]
C:\Program Files (x86)\Microsoft Visual Studio\2019\Community\VC\Tools\MSVC\14.22.27905\include\vector(653): message :  see reference to function template instantiation 'void std::vector<Brick,std::allocator<_Ty>>::_Emplace_back_with_unused_capacity<int,int>(int &&,int &&)' being compiled
C:\Program Files (x86)\Microsoft Visual Studio\2019\Community\VC\Tools\MSVC\14.22.27905\include\vector(653): message :         with
C:\Program Files (x86)\Microsoft Visual Studio\2019\Community\VC\Tools\MSVC\14.22.27905\include\vector(653): message :         [
C:\Program Files (x86)\Microsoft Visual Studio\2019\Community\VC\Tools\MSVC\14.22.27905\include\vector(653): message :             _Ty=Brick
C:\Program Files (x86)\Microsoft Visual Studio\2019\Community\VC\Tools\MSVC\14.22.27905\include\vector(653): message :         ]
  Generating Code...
C:\Users\Justin\Documents\CPTS 122\PA09 - FINAL - Breakout\Program\Breakout - PA9\Breakout - PA9\main.cpp(136): message :  see reference to function template instantiation 'void std::vector<Brick,std::allocator<_Ty>>::emplace_back<int,int>(int &&,int &&)' being compiled
C:\Users\Justin\Documents\CPTS 122\PA09 - FINAL - Breakout\Program\Breakout - PA9\Breakout - PA9\main.cpp(136): message :         with
C:\Users\Justin\Documents\CPTS 122\PA09 - FINAL - Breakout\Program\Breakout - PA9\Breakout - PA9\main.cpp(136): message :         [
C:\Users\Justin\Documents\CPTS 122\PA09 - FINAL - Breakout\Program\Breakout - PA9\Breakout - PA9\main.cpp(136): message :             _Ty=Brick
C:\Users\Justin\Documents\CPTS 122\PA09 - FINAL - Breakout\Program\Breakout - PA9\Breakout - PA9\main.cpp(136): message :         ]
  LINK : C:\Users\Justin\Documents\CPTS 122\PA09 - FINAL - Breakout\Program\Breakout - PA9\Debug\Breakout - PA9.exe not found or not built by the last incremental link; performing full link
  Breakout - PA9.vcxproj -> C:\Users\Justin\Documents\CPTS 122\PA09 - FINAL - Breakout\Program\Breakout - PA9\Debug\Breakout - PA9.exe
